[     657ms] [ERROR] A tree hydrated but some attributes of the server rendered HTML didn't match the client properties. This won't be patched up. This can happen if a SSR-ed Client Component used:

- A server/client branch `if (typeof window !== 'undefined')`.
- Variable input such as `Date.now()` or `Math.random()` which changes each time it's called.
- Date formatting in a user's locale which doesn't match the server.
- External changing data without sending a snapshot of it along with the HTML.
- Invalid HTML tag nesting.

It can also happen if the client has a browser extension installed which messes with the HTML before React loaded.

%s%s https://react.dev/link/hydration-mismatch 

  ...
    <SegmentViewNode type="page" pagePath="(calculato...">
      <SegmentTrieNode>
      <CalculatorPage>
        <main className="min-h-scre..." style={{...}}>
          ...
            <div style={{display:"flex", ...}}>
              <IncomeSection>
              <ExpensesSection expenses={[...]} errors={[...]} globalError={undefined} prefilledExpenses={false} ...>
                <Card>
                  <div className="" style={{...}}>
                    <div style={{display:"flex", ...}}>
                      <SectionHeader>
                      <div style={{display:"flex", ...}}>
                        <div>
                        <div style={{display:"flex", ...}}>
                          <ExpenseRow expense={{id:"7fca6d...", ...}} index={0} error={undefined} prefilled={false} ...>
                            <div className="flex flex-..." style={{gap:"var(-..."}}>
                              <div className="flex-1 fle..." style={{minWidth:0, ...}}>
                                <Input id="expense-am..." prefix="$" type="text" inputMode="numeric" placeholder="0" ...>
                                  <div data-input-wrapper={true} style={{display:"flex", ...}} ...>
                                    <span>
                                    <input
                                      ref={null}
+                                     id="expense-amount-7fca6dc4-826b-41a4-9f47-30bdcac95d20"
-                                     id="expense-amount-59bde662-af68-4aea-9d46-a49d0a1c273a"
                                      className="block w-full focus:outline-none transition-[border-color,outline] dur..."
                                      style={{background:"transparent",color:"var(--inpu...",border:"none",paddingTop:"var(--inpu...", ...}}
                                      onFocus={function useInputTracking.useCallback[onFocus]}
                                      onBlur={function useInputTracking.useCallback[onBlur]}
                                      aria-invalid={undefined}
                                      type="text"
                                      inputMode="numeric"
                                      placeholder="0"
                                      autoComplete="off"
                                      value=""
                                      onChange={function onChange}
                                      onKeyDown={function handleKeyDown}
                                      aria-describedby={undefined}
                                      aria-label="Expense amount"
                                    >
                                <ErrorMessage id="expense-am..." message={undefined} visible={false}>
                                  <div
+                                   id="expense-amount-7fca6dc4-826b-41a4-9f47-30bdcac95d20-error"
-                                   id="expense-amount-59bde662-af68-4aea-9d46-a49d0a1c273a-error"
                                    role="alert"
                                    className=""
                                    style={{fontSize:"var(--erro...",color:"var(--erro...",minHeight:"var(--spac...",overflow:"visible", ...}}
                                  >
+                                   {" "}
                              <div className="flex-1 fle..." style={{minWidth:0, ...}}>
                                <Input id="expense-la..." type="text" value="" onChange={function onChange} ...>
                                  <input
                                    ref={null}
+                                   id="expense-label-7fca6dc4-826b-41a4-9f47-30bdcac95d20"
-                                   id="expense-label-59bde662-af68-4aea-9d46-a49d0a1c273a"
                                    className="block w-full focus:outline-none transition-[border-color,outline] durat..."
                                    style={{height:"var(--touc...",background:"var(--inpu...",color:"var(--inpu...",border:"var(--b...", ...}}
                                    onMouseEnter={function onMouseEnter}
                                    onMouseLeave={function onMouseLeave}
                                    onFocus={function useInputTracking.useCallback[onFocus]}
                                    onBlur={function useInputTracking.useCallback[onBlur]}
                                    aria-invalid={undefined}
                                    type="text"
                                    value=""
                                    onChange={function onChange}
                                    onKeyDown={function handleKeyDown}
                                    aria-label="Expense label"
                                  >
                                <ErrorMessage id="expense-la..." message="" visible={false}>
                                  <div
+                                   id="expense-label-7fca6dc4-826b-41a4-9f47-30bdcac95d20-error"
-                                   id="expense-label-59bde662-af68-4aea-9d46-a49d0a1c273a-error"
                                    role="alert"
                                    className=""
                                    style={{fontSize:"var(--erro...",color:"var(--erro...",minHeight:"var(--spac...",overflow:"visible", ...}}
                                  >
+                                   
                              ...
                      ...
              ...
          ...
 @ webpack-internal:///(app-pages-browser)/./node_modules/next/dist/next-devtools/userspace/app/errors/intercept-console-error.js:56
[     702ms] [WARNING] AdSense head tag doesn't support data-nscript attribute. @ https://pagead2.googlesyndication.com/pagead/js/adsbygoogle.js?client=ca-pub-4075743460011014:287
[    1113ms] [WARNING] Hotjar not launching due to suspicious userAgent: Mozilla/5.0 (Macintosh; Intel Mac OS X 10_15_7) AppleWebKit/537.36 (KHTML, like Gecko) HeadlessChrome/144.0.0.0 Safari/537.36 @ https://static.hotjar.com/c/hotjar-4934822.js?sv=6:2
[  980227ms] [ERROR] Failed to load resource: the server responded with a status of 404 (Not Found) @ http://127.0.0.1:4181/_next/static/css/app/layout.css?v=1770646263037:0
[  980264ms] Event
